::1 - - [17/May/2015:20:32:37 +0100] "GET / HTTP/1.1" 200 37705
::1 - - [17/May/2015:20:32:37 +0100] "GET /apachehaus.ico HTTP/1.1" 200 4286
::1 - - [17/May/2015:20:57:46 +0100] "GET / HTTP/1.1" 200 3282
::1 - - [17/May/2015:20:57:46 +0100] "GET /stylesheets/iscope.css HTTP/1.1" 200 3075
::1 - - [17/May/2015:20:57:46 +0100] "GET /javascript/angularjs/directives/entity-instance-draggable.js HTTP/1.1" 200 2165
::1 - - [17/May/2015:20:57:46 +0100] "GET /javascript/angularjs/directives/entity-instance.js HTTP/1.1" 200 20753
::1 - - [17/May/2015:20:57:46 +0100] "GET /javascript/angularjs/directives/entity-draggable.js HTTP/1.1" 200 5718
::1 - - [17/May/2015:20:57:46 +0100] "GET /javascript/angularjs/directives/entity-inputs.js HTTP/1.1" 200 633
::1 - - [17/May/2015:20:57:46 +0100] "GET /javascript/angularjs/directives/make-droppable.js HTTP/1.1" 200 2690
::1 - - [17/May/2015:20:57:46 +0100] "GET /javascript/index.js HTTP/1.1" 200 1513
::1 - - [17/May/2015:20:57:46 +0100] "GET /%7B%7Bentity.src%7D%7D HTTP/1.1" 404 212
::1 - - [17/May/2015:20:57:46 +0100] "GET /javascript/angularjs/controllers/entityController.js HTTP/1.1" 200 8325
::1 - - [17/May/2015:20:57:46 +0100] "GET /javascript/angularjs/factories/entityservice.js HTTP/1.1" 200 735
::1 - - [17/May/2015:20:57:46 +0100] "GET /javascript/angularjs/factories/entityinstanceservice.js HTTP/1.1" 200 2856
::1 - - [17/May/2015:20:57:46 +0100] "GET /javascript/angularjs/directives/focus.js HTTP/1.1" 200 957
::1 - - [17/May/2015:20:57:46 +0100] "GET /javascript/angularjs/lib/angular.js HTTP/1.1" 200 954538
::1 - - [17/May/2015:20:57:47 +0100] "GET /%7B%7Bentity.src%7D%7D HTTP/1.1" 404 212
::1 - - [17/May/2015:20:57:47 +0100] "GET /favicon.ico HTTP/1.1" 404 209
::1 - - [17/May/2015:20:58:20 +0100] "GET / HTTP/1.1" 304 -
::1 - - [17/May/2015:20:58:20 +0100] "GET /stylesheets/iscope.css HTTP/1.1" 304 -
::1 - - [17/May/2015:20:58:20 +0100] "GET /javascript/angularjs/lib/angular.js HTTP/1.1" 304 -
::1 - - [17/May/2015:20:58:21 +0100] "GET /javascript/angularjs/controllers/entityController.js HTTP/1.1" 304 -
::1 - - [17/May/2015:20:58:21 +0100] "GET /javascript/angularjs/factories/entityservice.js HTTP/1.1" 304 -
::1 - - [17/May/2015:20:58:21 +0100] "GET /javascript/angularjs/factories/entityinstanceservice.js HTTP/1.1" 304 -
::1 - - [17/May/2015:20:58:21 +0100] "GET /javascript/angularjs/directives/focus.js HTTP/1.1" 304 -
::1 - - [17/May/2015:20:58:21 +0100] "GET /javascript/angularjs/directives/entity-instance-draggable.js HTTP/1.1" 304 -
::1 - - [17/May/2015:20:58:21 +0100] "GET /javascript/angularjs/directives/entity-instance.js HTTP/1.1" 304 -
::1 - - [17/May/2015:20:58:21 +0100] "GET /javascript/angularjs/directives/entity-draggable.js HTTP/1.1" 304 -
::1 - - [17/May/2015:20:58:21 +0100] "GET /javascript/angularjs/directives/entity-inputs.js HTTP/1.1" 304 -
::1 - - [17/May/2015:20:58:21 +0100] "GET /javascript/index.js HTTP/1.1" 304 -
::1 - - [17/May/2015:20:58:21 +0100] "GET /javascript/angularjs/directives/make-droppable.js HTTP/1.1" 304 -
::1 - - [17/May/2015:20:58:21 +0100] "GET /%7B%7Bentity.src%7D%7D HTTP/1.1" 404 212
::1 - - [17/May/2015:20:58:21 +0100] "GET /javascript/angularjs/controllers/entityController.js HTTP/1.1" 304 -
::1 - - [17/May/2015:20:58:21 +0100] "GET /javascript/angularjs/factories/entityservice.js HTTP/1.1" 304 -
::1 - - [17/May/2015:20:58:21 +0100] "GET /javascript/angularjs/factories/entityinstanceservice.js HTTP/1.1" 304 -
::1 - - [17/May/2015:20:58:21 +0100] "GET /javascript/angularjs/directives/focus.js HTTP/1.1" 304 -
::1 - - [17/May/2015:20:58:21 +0100] "GET /javascript/angularjs/directives/entity-instance-draggable.js HTTP/1.1" 304 -
::1 - - [17/May/2015:20:58:21 +0100] "GET /javascript/angularjs/directives/entity-instance.js HTTP/1.1" 304 -
::1 - - [17/May/2015:20:58:21 +0100] "GET /javascript/angularjs/directives/entity-draggable.js HTTP/1.1" 304 -
::1 - - [17/May/2015:20:58:21 +0100] "GET /javascript/angularjs/directives/entity-inputs.js HTTP/1.1" 304 -
::1 - - [17/May/2015:20:58:21 +0100] "GET /javascript/angularjs/directives/make-droppable.js HTTP/1.1" 304 -
::1 - - [17/May/2015:20:58:21 +0100] "GET /javascript/index.js HTTP/1.1" 304 -
::1 - - [17/May/2015:20:58:21 +0100] "GET /%7B%7Bentity.src%7D%7D HTTP/1.1" 404 212
::1 - - [17/May/2015:21:07:09 +0100] "GET / HTTP/1.1" 304 -
::1 - - [17/May/2015:21:07:09 +0100] "GET /stylesheets/iscope.css HTTP/1.1" 304 -
::1 - - [17/May/2015:21:07:09 +0100] "GET /javascript/angularjs/factories/entityservice.js HTTP/1.1" 304 -
::1 - - [17/May/2015:21:07:09 +0100] "GET /javascript/angularjs/lib/angular.js HTTP/1.1" 304 -
::1 - - [17/May/2015:21:07:09 +0100] "GET /javascript/angularjs/controllers/entityController.js HTTP/1.1" 304 -
::1 - - [17/May/2015:21:07:09 +0100] "GET /javascript/angularjs/factories/entityinstanceservice.js HTTP/1.1" 304 -
::1 - - [17/May/2015:21:07:09 +0100] "GET /javascript/angularjs/directives/focus.js HTTP/1.1" 304 -
::1 - - [17/May/2015:21:07:09 +0100] "GET /javascript/angularjs/directives/entity-draggable.js HTTP/1.1" 304 -
::1 - - [17/May/2015:21:07:09 +0100] "GET /javascript/angularjs/directives/entity-inputs.js HTTP/1.1" 304 -
::1 - - [17/May/2015:21:07:09 +0100] "GET /javascript/angularjs/directives/make-droppable.js HTTP/1.1" 304 -
::1 - - [17/May/2015:21:07:09 +0100] "GET /javascript/index.js HTTP/1.1" 304 -
::1 - - [17/May/2015:21:07:09 +0100] "GET /%7B%7Bentity.src%7D%7D HTTP/1.1" 404 212
::1 - - [17/May/2015:21:07:09 +0100] "GET /javascript/angularjs/directives/entity-instance-draggable.js HTTP/1.1" 304 -
::1 - - [17/May/2015:21:07:09 +0100] "GET /javascript/angularjs/directives/entity-instance.js HTTP/1.1" 304 -
::1 - - [17/May/2015:21:07:10 +0100] "GET /%7B%7Bentity.src%7D%7D HTTP/1.1" 404 212
::1 - - [17/May/2015:21:09:50 +0100] "GET / HTTP/1.1" 304 -
::1 - - [17/May/2015:21:09:50 +0100] "GET /stylesheets/iscope.css HTTP/1.1" 304 -
::1 - - [17/May/2015:21:09:50 +0100] "GET /javascript/angularjs/lib/angular.js HTTP/1.1" 304 -
::1 - - [17/May/2015:21:09:50 +0100] "GET /javascript/angularjs/controllers/entityController.js HTTP/1.1" 304 -
::1 - - [17/May/2015:21:09:50 +0100] "GET /javascript/angularjs/factories/entityservice.js HTTP/1.1" 304 -
::1 - - [17/May/2015:21:09:50 +0100] "GET /javascript/angularjs/directives/entity-draggable.js HTTP/1.1" 304 -
::1 - - [17/May/2015:21:09:50 +0100] "GET /javascript/angularjs/directives/entity-inputs.js HTTP/1.1" 304 -
::1 - - [17/May/2015:21:09:50 +0100] "GET /javascript/angularjs/directives/make-droppable.js HTTP/1.1" 304 -
::1 - - [17/May/2015:21:09:50 +0100] "GET /javascript/index.js HTTP/1.1" 304 -
::1 - - [17/May/2015:21:09:50 +0100] "GET /javascript/angularjs/factories/entityinstanceservice.js HTTP/1.1" 304 -
::1 - - [17/May/2015:21:09:50 +0100] "GET /javascript/angularjs/directives/focus.js HTTP/1.1" 304 -
::1 - - [17/May/2015:21:09:50 +0100] "GET /%7B%7Bentity.src%7D%7D HTTP/1.1" 404 212
::1 - - [17/May/2015:21:09:50 +0100] "GET /javascript/angularjs/directives/entity-instance-draggable.js HTTP/1.1" 304 -
::1 - - [17/May/2015:21:09:50 +0100] "GET /javascript/angularjs/directives/entity-instance.js HTTP/1.1" 304 -
::1 - - [17/May/2015:21:09:50 +0100] "GET /%7B%7Bentity.src%7D%7D HTTP/1.1" 404 212
::1 - - [17/May/2015:21:12:03 +0100] "GET / HTTP/1.1" 304 -
::1 - - [17/May/2015:21:12:03 +0100] "GET /stylesheets/iscope.css HTTP/1.1" 304 -
::1 - - [17/May/2015:21:12:03 +0100] "GET /javascript/angularjs/lib/angular.js HTTP/1.1" 304 -
::1 - - [17/May/2015:21:12:03 +0100] "GET /javascript/angularjs/controllers/entityController.js HTTP/1.1" 304 -
::1 - - [17/May/2015:21:12:03 +0100] "GET /javascript/angularjs/directives/entity-instance.js HTTP/1.1" 304 -
::1 - - [17/May/2015:21:12:03 +0100] "GET /javascript/angularjs/directives/entity-draggable.js HTTP/1.1" 304 -
::1 - - [17/May/2015:21:12:03 +0100] "GET /javascript/angularjs/directives/entity-inputs.js HTTP/1.1" 304 -
::1 - - [17/May/2015:21:12:03 +0100] "GET /javascript/angularjs/directives/make-droppable.js HTTP/1.1" 304 -
::1 - - [17/May/2015:21:12:03 +0100] "GET /javascript/index.js HTTP/1.1" 304 -
::1 - - [17/May/2015:21:12:03 +0100] "GET /%7B%7Bentity.src%7D%7D HTTP/1.1" 404 212
::1 - - [17/May/2015:21:12:03 +0100] "GET /javascript/angularjs/factories/entityservice.js HTTP/1.1" 200 1303
::1 - - [17/May/2015:21:12:03 +0100] "GET /javascript/angularjs/factories/entityinstanceservice.js HTTP/1.1" 304 -
::1 - - [17/May/2015:21:12:03 +0100] "GET /javascript/angularjs/directives/focus.js HTTP/1.1" 304 -
::1 - - [17/May/2015:21:12:03 +0100] "GET /javascript/angularjs/directives/entity-instance-draggable.js HTTP/1.1" 304 -
::1 - - [17/May/2015:21:12:04 +0100] "GET /%7B%7Bentity.src%7D%7D HTTP/1.1" 404 212
::1 - - [17/May/2015:21:13:01 +0100] "GET / HTTP/1.1" 304 -
::1 - - [17/May/2015:21:13:01 +0100] "GET /stylesheets/iscope.css HTTP/1.1" 304 -
::1 - - [17/May/2015:21:13:01 +0100] "GET /javascript/angularjs/controllers/entityController.js HTTP/1.1" 304 -
::1 - - [17/May/2015:21:13:01 +0100] "GET /javascript/angularjs/lib/angular.js HTTP/1.1" 304 -
::1 - - [17/May/2015:21:13:01 +0100] "GET /javascript/angularjs/factories/entityservice.js HTTP/1.1" 200 1259
::1 - - [17/May/2015:21:13:01 +0100] "GET /javascript/angularjs/factories/entityinstanceservice.js HTTP/1.1" 304 -
::1 - - [17/May/2015:21:13:01 +0100] "GET /javascript/angularjs/directives/focus.js HTTP/1.1" 304 -
::1 - - [17/May/2015:21:13:01 +0100] "GET /javascript/angularjs/directives/entity-instance.js HTTP/1.1" 304 -
::1 - - [17/May/2015:21:13:01 +0100] "GET /javascript/angularjs/directives/entity-draggable.js HTTP/1.1" 304 -
::1 - - [17/May/2015:21:13:01 +0100] "GET /javascript/angularjs/directives/entity-inputs.js HTTP/1.1" 304 -
::1 - - [17/May/2015:21:13:01 +0100] "GET /javascript/angularjs/directives/make-droppable.js HTTP/1.1" 304 -
::1 - - [17/May/2015:21:13:01 +0100] "GET /javascript/angularjs/directives/entity-instance-draggable.js HTTP/1.1" 304 -
::1 - - [17/May/2015:21:13:01 +0100] "GET /javascript/index.js HTTP/1.1" 304 -
::1 - - [17/May/2015:21:13:01 +0100] "GET /%7B%7Bentity.src%7D%7D HTTP/1.1" 404 212
127.0.0.1 - - [17/May/2015:21:28:34 +0100] "GET / HTTP/1.1" 304 -
127.0.0.1 - - [17/May/2015:21:28:34 +0100] "GET /javascript/angularjs/factories/entityservice.js HTTP/1.1" 304 -
127.0.0.1 - - [17/May/2015:21:28:34 +0100] "GET /%7B%7Bentity.src%7D%7D HTTP/1.1" 404 212
127.0.0.1 - - [17/May/2015:21:28:35 +0100] "GET /%7B%7Bentity.src%7D%7D HTTP/1.1" 404 212
::1 - - [17/May/2015:21:32:14 +0100] "GET / HTTP/1.1" 304 -
::1 - - [17/May/2015:21:32:14 +0100] "GET /stylesheets/iscope.css HTTP/1.1" 304 -
::1 - - [17/May/2015:21:32:14 +0100] "GET /javascript/angularjs/factories/entityservice.js HTTP/1.1" 200 1277
::1 - - [17/May/2015:21:32:14 +0100] "GET /javascript/angularjs/directives/entity-instance.js HTTP/1.1" 304 -
::1 - - [17/May/2015:21:32:14 +0100] "GET /javascript/angularjs/lib/angular.js HTTP/1.1" 304 -
::1 - - [17/May/2015:21:32:14 +0100] "GET /javascript/angularjs/directives/entity-draggable.js HTTP/1.1" 304 -
::1 - - [17/May/2015:21:32:14 +0100] "GET /javascript/angularjs/directives/make-droppable.js HTTP/1.1" 304 -
::1 - - [17/May/2015:21:32:14 +0100] "GET /javascript/angularjs/directives/entity-inputs.js HTTP/1.1" 304 -
::1 - - [17/May/2015:21:32:14 +0100] "GET /javascript/index.js HTTP/1.1" 304 -
::1 - - [17/May/2015:21:32:14 +0100] "GET /%7B%7Bentity.src%7D%7D HTTP/1.1" 404 212
::1 - - [17/May/2015:21:32:14 +0100] "GET /javascript/angularjs/controllers/entityController.js HTTP/1.1" 304 -
::1 - - [17/May/2015:21:32:14 +0100] "GET /javascript/angularjs/directives/focus.js HTTP/1.1" 304 -
::1 - - [17/May/2015:21:32:14 +0100] "GET /javascript/angularjs/factories/entityinstanceservice.js HTTP/1.1" 304 -
::1 - - [17/May/2015:21:32:14 +0100] "GET /javascript/angularjs/directives/entity-instance-draggable.js HTTP/1.1" 304 -
::1 - - [17/May/2015:21:32:14 +0100] "GET /%7B%7Bentity.src%7D%7D HTTP/1.1" 404 212
::1 - - [17/May/2015:21:32:46 +0100] "GET / HTTP/1.1" 304 -
::1 - - [17/May/2015:21:32:46 +0100] "GET /stylesheets/iscope.css HTTP/1.1" 304 -
::1 - - [17/May/2015:21:32:46 +0100] "GET /javascript/angularjs/factories/entityservice.js HTTP/1.1" 200 789
::1 - - [17/May/2015:21:32:46 +0100] "GET /javascript/angularjs/directives/entity-instance.js HTTP/1.1" 304 -
::1 - - [17/May/2015:21:32:46 +0100] "GET /javascript/angularjs/directives/entity-draggable.js HTTP/1.1" 304 -
::1 - - [17/May/2015:21:32:46 +0100] "GET /javascript/angularjs/directives/entity-inputs.js HTTP/1.1" 304 -
::1 - - [17/May/2015:21:32:46 +0100] "GET /javascript/angularjs/controllers/entityController.js HTTP/1.1" 304 -
::1 - - [17/May/2015:21:32:46 +0100] "GET /javascript/index.js HTTP/1.1" 304 -
::1 - - [17/May/2015:21:32:46 +0100] "GET /javascript/angularjs/directives/make-droppable.js HTTP/1.1" 304 -
::1 - - [17/May/2015:21:32:46 +0100] "GET /javascript/angularjs/factories/entityinstanceservice.js HTTP/1.1" 304 -
::1 - - [17/May/2015:21:32:46 +0100] "GET /javascript/angularjs/lib/angular.js HTTP/1.1" 304 -
::1 - - [17/May/2015:21:32:46 +0100] "GET /javascript/angularjs/directives/entity-instance-draggable.js HTTP/1.1" 304 -
::1 - - [17/May/2015:21:32:46 +0100] "GET /javascript/angularjs/directives/focus.js HTTP/1.1" 304 -
::1 - - [17/May/2015:21:32:46 +0100] "GET /%7B%7Bentity.src%7D%7D HTTP/1.1" 404 212
::1 - - [17/May/2015:21:36:35 +0100] "GET / HTTP/1.1" 304 -
::1 - - [17/May/2015:21:36:35 +0100] "GET /stylesheets/iscope.css HTTP/1.1" 304 -
::1 - - [17/May/2015:21:36:35 +0100] "GET /javascript/angularjs/factories/entityservice.js HTTP/1.1" 304 -
::1 - - [17/May/2015:21:36:35 +0100] "GET /javascript/angularjs/directives/entity-instance.js HTTP/1.1" 304 -
::1 - - [17/May/2015:21:36:35 +0100] "GET /javascript/angularjs/directives/entity-draggable.js HTTP/1.1" 304 -
::1 - - [17/May/2015:21:36:35 +0100] "GET /javascript/angularjs/directives/entity-inputs.js HTTP/1.1" 304 -
::1 - - [17/May/2015:21:36:35 +0100] "GET /javascript/angularjs/directives/make-droppable.js HTTP/1.1" 304 -
::1 - - [17/May/2015:21:36:35 +0100] "GET /javascript/index.js HTTP/1.1" 304 -
::1 - - [17/May/2015:21:36:35 +0100] "GET /%7B%7Bentity.src%7D%7D HTTP/1.1" 404 212
::1 - - [17/May/2015:21:36:35 +0100] "GET /javascript/angularjs/lib/angular.js HTTP/1.1" 304 -
::1 - - [17/May/2015:21:36:35 +0100] "GET /javascript/angularjs/factories/entityinstanceservice.js HTTP/1.1" 304 -
::1 - - [17/May/2015:21:36:35 +0100] "GET /javascript/angularjs/controllers/entityController.js HTTP/1.1" 304 -
::1 - - [17/May/2015:21:36:35 +0100] "GET /javascript/angularjs/directives/focus.js HTTP/1.1" 304 -
::1 - - [17/May/2015:21:36:35 +0100] "GET /javascript/angularjs/directives/entity-instance-draggable.js HTTP/1.1" 304 -
::1 - - [17/May/2015:21:36:35 +0100] "GET /%7B%7Bentity.src%7D%7D HTTP/1.1" 404 212
::1 - - [17/May/2015:21:47:17 +0100] "GET / HTTP/1.1" 304 -
::1 - - [17/May/2015:21:47:17 +0100] "GET /stylesheets/iscope.css HTTP/1.1" 304 -
::1 - - [17/May/2015:21:47:17 +0100] "GET /javascript/angularjs/factories/entityservice.js HTTP/1.1" 304 -
::1 - - [17/May/2015:21:47:17 +0100] "GET /javascript/angularjs/factories/entityinstanceservice.js HTTP/1.1" 304 -
::1 - - [17/May/2015:21:47:17 +0100] "GET /javascript/angularjs/directives/entity-instance.js HTTP/1.1" 304 -
::1 - - [17/May/2015:21:47:17 +0100] "GET /javascript/angularjs/directives/entity-draggable.js HTTP/1.1" 304 -
::1 - - [17/May/2015:21:47:17 +0100] "GET /javascript/angularjs/directives/entity-inputs.js HTTP/1.1" 304 -
::1 - - [17/May/2015:21:47:17 +0100] "GET /javascript/angularjs/directives/make-droppable.js HTTP/1.1" 304 -
::1 - - [17/May/2015:21:47:17 +0100] "GET /javascript/index.js HTTP/1.1" 304 -
::1 - - [17/May/2015:21:47:17 +0100] "GET /javascript/angularjs/controllers/entityController.js HTTP/1.1" 304 -
::1 - - [17/May/2015:21:47:17 +0100] "GET /%7B%7Bentity.src%7D%7D HTTP/1.1" 404 212
::1 - - [17/May/2015:21:47:17 +0100] "GET /javascript/angularjs/directives/focus.js HTTP/1.1" 304 -
::1 - - [17/May/2015:21:47:17 +0100] "GET /javascript/angularjs/directives/entity-instance-draggable.js HTTP/1.1" 304 -
::1 - - [17/May/2015:21:47:17 +0100] "GET /javascript/angularjs/lib/angular.js HTTP/1.1" 304 -
::1 - - [17/May/2015:21:47:17 +0100] "GET /%7B%7Bentity.src%7D%7D HTTP/1.1" 404 212
::1 - - [17/May/2015:21:48:39 +0100] "GET / HTTP/1.1" 304 -
::1 - - [17/May/2015:21:48:39 +0100] "GET /stylesheets/iscope.css HTTP/1.1" 304 -
::1 - - [17/May/2015:21:48:39 +0100] "GET /javascript/angularjs/directives/entity-instance-draggable.js HTTP/1.1" 304 -
::1 - - [17/May/2015:21:48:39 +0100] "GET /javascript/angularjs/directives/entity-instance.js HTTP/1.1" 304 -
::1 - - [17/May/2015:21:48:39 +0100] "GET /javascript/angularjs/directives/entity-draggable.js HTTP/1.1" 304 -
::1 - - [17/May/2015:21:48:39 +0100] "GET /javascript/angularjs/lib/angular.js HTTP/1.1" 304 -
::1 - - [17/May/2015:21:48:39 +0100] "GET /javascript/angularjs/directives/entity-inputs.js HTTP/1.1" 304 -
::1 - - [17/May/2015:21:48:39 +0100] "GET /javascript/angularjs/directives/make-droppable.js HTTP/1.1" 304 -
::1 - - [17/May/2015:21:48:39 +0100] "GET /javascript/index.js HTTP/1.1" 304 -
::1 - - [17/May/2015:21:48:39 +0100] "GET /%7B%7Bentity.src%7D%7D HTTP/1.1" 404 212
::1 - - [17/May/2015:21:48:39 +0100] "GET /javascript/angularjs/controllers/entityController.js HTTP/1.1" 304 -
::1 - - [17/May/2015:21:48:39 +0100] "GET /javascript/angularjs/factories/entityinstanceservice.js HTTP/1.1" 304 -
::1 - - [17/May/2015:21:48:39 +0100] "GET /javascript/angularjs/directives/focus.js HTTP/1.1" 304 -
::1 - - [17/May/2015:21:48:39 +0100] "GET /javascript/angularjs/factories/entityservice.js HTTP/1.1" 304 -
::1 - - [17/May/2015:21:48:39 +0100] "GET /%7B%7Bentity.src%7D%7D HTTP/1.1" 404 212
::1 - - [17/May/2015:21:48:55 +0100] "GET /%7B%7Bentity.src%7D%7D HTTP/1.1" 404 212
::1 - - [18/May/2015:03:51:43 +0100] "GET / HTTP/1.1" 304 -
::1 - - [18/May/2015:03:51:43 +0100] "GET /stylesheets/iscope.css HTTP/1.1" 304 -
::1 - - [18/May/2015:03:51:43 +0100] "GET /javascript/angularjs/directives/entity-instance-draggable.js HTTP/1.1" 304 -
::1 - - [18/May/2015:03:51:43 +0100] "GET /javascript/angularjs/directives/entity-instance.js HTTP/1.1" 304 -
::1 - - [18/May/2015:03:51:43 +0100] "GET /javascript/angularjs/directives/entity-draggable.js HTTP/1.1" 304 -
::1 - - [18/May/2015:03:51:43 +0100] "GET /javascript/angularjs/lib/angular.js HTTP/1.1" 304 -
::1 - - [18/May/2015:03:51:43 +0100] "GET /javascript/angularjs/controllers/entityController.js HTTP/1.1" 304 -
::1 - - [18/May/2015:03:51:43 +0100] "GET /javascript/angularjs/factories/entityinstanceservice.js HTTP/1.1" 304 -
::1 - - [18/May/2015:03:51:43 +0100] "GET /javascript/angularjs/directives/entity-inputs.js HTTP/1.1" 304 -
::1 - - [18/May/2015:03:51:43 +0100] "GET /javascript/angularjs/directives/make-droppable.js HTTP/1.1" 304 -
::1 - - [18/May/2015:03:51:43 +0100] "GET /javascript/index.js HTTP/1.1" 304 -
::1 - - [18/May/2015:03:51:43 +0100] "GET /%7B%7Bentity.src%7D%7D HTTP/1.1" 404 212
::1 - - [18/May/2015:03:51:43 +0100] "GET /javascript/angularjs/factories/entityservice.js HTTP/1.1" 304 -
::1 - - [18/May/2015:03:51:43 +0100] "GET /javascript/angularjs/directives/focus.js HTTP/1.1" 304 -
::1 - - [18/May/2015:03:51:43 +0100] "GET /%7B%7Bentity.src%7D%7D HTTP/1.1" 404 212
::1 - - [18/May/2015:03:51:43 +0100] "GET /%7B%7Bentity.src%7D%7D HTTP/1.1" 404 212
