[17/May/2015:20:32:37 +0100] ::1 - - "GET / HTTP/1.1" 37705
[17/May/2015:20:32:37 +0100] ::1 - - "GET /apachehaus.ico HTTP/1.1" 4286
[17/May/2015:20:57:46 +0100] ::1 - - "GET / HTTP/1.1" 3282
[17/May/2015:20:57:46 +0100] ::1 - - "GET /stylesheets/iscope.css HTTP/1.1" 3075
[17/May/2015:20:57:46 +0100] ::1 - - "GET /javascript/angularjs/directives/entity-instance-draggable.js HTTP/1.1" 2165
[17/May/2015:20:57:46 +0100] ::1 - - "GET /javascript/angularjs/directives/entity-instance.js HTTP/1.1" 20753
[17/May/2015:20:57:46 +0100] ::1 - - "GET /javascript/angularjs/directives/entity-draggable.js HTTP/1.1" 5718
[17/May/2015:20:57:46 +0100] ::1 - - "GET /javascript/angularjs/directives/entity-inputs.js HTTP/1.1" 633
[17/May/2015:20:57:46 +0100] ::1 - - "GET /javascript/angularjs/directives/make-droppable.js HTTP/1.1" 2690
[17/May/2015:20:57:46 +0100] ::1 - - "GET /javascript/index.js HTTP/1.1" 1513
[17/May/2015:20:57:46 +0100] ::1 - - "GET /%7B%7Bentity.src%7D%7D HTTP/1.1" 212
[17/May/2015:20:57:46 +0100] ::1 - - "GET /javascript/angularjs/controllers/entityController.js HTTP/1.1" 8325
[17/May/2015:20:57:46 +0100] ::1 - - "GET /javascript/angularjs/factories/entityservice.js HTTP/1.1" 735
[17/May/2015:20:57:46 +0100] ::1 - - "GET /javascript/angularjs/factories/entityinstanceservice.js HTTP/1.1" 2856
[17/May/2015:20:57:46 +0100] ::1 - - "GET /javascript/angularjs/directives/focus.js HTTP/1.1" 957
[17/May/2015:20:57:46 +0100] ::1 - - "GET /javascript/angularjs/lib/angular.js HTTP/1.1" 954538
[17/May/2015:20:57:47 +0100] ::1 - - "GET /%7B%7Bentity.src%7D%7D HTTP/1.1" 212
[17/May/2015:20:57:47 +0100] ::1 - - "GET /favicon.ico HTTP/1.1" 209
[17/May/2015:20:58:20 +0100] ::1 - - "GET / HTTP/1.1" -
[17/May/2015:20:58:20 +0100] ::1 - - "GET /stylesheets/iscope.css HTTP/1.1" -
[17/May/2015:20:58:20 +0100] ::1 - - "GET /javascript/angularjs/lib/angular.js HTTP/1.1" -
[17/May/2015:20:58:21 +0100] ::1 - - "GET /javascript/angularjs/controllers/entityController.js HTTP/1.1" -
[17/May/2015:20:58:21 +0100] ::1 - - "GET /javascript/angularjs/factories/entityservice.js HTTP/1.1" -
[17/May/2015:20:58:21 +0100] ::1 - - "GET /javascript/angularjs/factories/entityinstanceservice.js HTTP/1.1" -
[17/May/2015:20:58:21 +0100] ::1 - - "GET /javascript/angularjs/directives/focus.js HTTP/1.1" -
[17/May/2015:20:58:21 +0100] ::1 - - "GET /javascript/angularjs/directives/entity-instance-draggable.js HTTP/1.1" -
[17/May/2015:20:58:21 +0100] ::1 - - "GET /javascript/angularjs/directives/entity-instance.js HTTP/1.1" -
[17/May/2015:20:58:21 +0100] ::1 - - "GET /javascript/angularjs/directives/entity-draggable.js HTTP/1.1" -
[17/May/2015:20:58:21 +0100] ::1 - - "GET /javascript/angularjs/directives/entity-inputs.js HTTP/1.1" -
[17/May/2015:20:58:21 +0100] ::1 - - "GET /javascript/index.js HTTP/1.1" -
[17/May/2015:20:58:21 +0100] ::1 - - "GET /javascript/angularjs/directives/make-droppable.js HTTP/1.1" -
[17/May/2015:20:58:21 +0100] ::1 - - "GET /%7B%7Bentity.src%7D%7D HTTP/1.1" 212
[17/May/2015:20:58:21 +0100] ::1 - - "GET /javascript/angularjs/controllers/entityController.js HTTP/1.1" -
[17/May/2015:20:58:21 +0100] ::1 - - "GET /javascript/angularjs/factories/entityservice.js HTTP/1.1" -
[17/May/2015:20:58:21 +0100] ::1 - - "GET /javascript/angularjs/factories/entityinstanceservice.js HTTP/1.1" -
[17/May/2015:20:58:21 +0100] ::1 - - "GET /javascript/angularjs/directives/focus.js HTTP/1.1" -
[17/May/2015:20:58:21 +0100] ::1 - - "GET /javascript/angularjs/directives/entity-instance-draggable.js HTTP/1.1" -
[17/May/2015:20:58:21 +0100] ::1 - - "GET /javascript/angularjs/directives/entity-instance.js HTTP/1.1" -
[17/May/2015:20:58:21 +0100] ::1 - - "GET /javascript/angularjs/directives/entity-draggable.js HTTP/1.1" -
[17/May/2015:20:58:21 +0100] ::1 - - "GET /javascript/angularjs/directives/entity-inputs.js HTTP/1.1" -
[17/May/2015:20:58:21 +0100] ::1 - - "GET /javascript/angularjs/directives/make-droppable.js HTTP/1.1" -
[17/May/2015:20:58:21 +0100] ::1 - - "GET /javascript/index.js HTTP/1.1" -
[17/May/2015:20:58:21 +0100] ::1 - - "GET /%7B%7Bentity.src%7D%7D HTTP/1.1" 212
[17/May/2015:21:07:09 +0100] ::1 - - "GET / HTTP/1.1" -
[17/May/2015:21:07:09 +0100] ::1 - - "GET /stylesheets/iscope.css HTTP/1.1" -
[17/May/2015:21:07:09 +0100] ::1 - - "GET /javascript/angularjs/factories/entityservice.js HTTP/1.1" -
[17/May/2015:21:07:09 +0100] ::1 - - "GET /javascript/angularjs/lib/angular.js HTTP/1.1" -
[17/May/2015:21:07:09 +0100] ::1 - - "GET /javascript/angularjs/controllers/entityController.js HTTP/1.1" -
[17/May/2015:21:07:09 +0100] ::1 - - "GET /javascript/angularjs/factories/entityinstanceservice.js HTTP/1.1" -
[17/May/2015:21:07:09 +0100] ::1 - - "GET /javascript/angularjs/directives/focus.js HTTP/1.1" -
[17/May/2015:21:07:09 +0100] ::1 - - "GET /javascript/angularjs/directives/entity-draggable.js HTTP/1.1" -
[17/May/2015:21:07:09 +0100] ::1 - - "GET /javascript/angularjs/directives/entity-inputs.js HTTP/1.1" -
[17/May/2015:21:07:09 +0100] ::1 - - "GET /javascript/angularjs/directives/make-droppable.js HTTP/1.1" -
[17/May/2015:21:07:09 +0100] ::1 - - "GET /javascript/index.js HTTP/1.1" -
[17/May/2015:21:07:09 +0100] ::1 - - "GET /%7B%7Bentity.src%7D%7D HTTP/1.1" 212
[17/May/2015:21:07:09 +0100] ::1 - - "GET /javascript/angularjs/directives/entity-instance-draggable.js HTTP/1.1" -
[17/May/2015:21:07:09 +0100] ::1 - - "GET /javascript/angularjs/directives/entity-instance.js HTTP/1.1" -
[17/May/2015:21:07:10 +0100] ::1 - - "GET /%7B%7Bentity.src%7D%7D HTTP/1.1" 212
[17/May/2015:21:09:50 +0100] ::1 - - "GET / HTTP/1.1" -
[17/May/2015:21:09:50 +0100] ::1 - - "GET /stylesheets/iscope.css HTTP/1.1" -
[17/May/2015:21:09:50 +0100] ::1 - - "GET /javascript/angularjs/lib/angular.js HTTP/1.1" -
[17/May/2015:21:09:50 +0100] ::1 - - "GET /javascript/angularjs/controllers/entityController.js HTTP/1.1" -
[17/May/2015:21:09:50 +0100] ::1 - - "GET /javascript/angularjs/factories/entityservice.js HTTP/1.1" -
[17/May/2015:21:09:50 +0100] ::1 - - "GET /javascript/angularjs/directives/entity-draggable.js HTTP/1.1" -
[17/May/2015:21:09:50 +0100] ::1 - - "GET /javascript/angularjs/directives/entity-inputs.js HTTP/1.1" -
[17/May/2015:21:09:50 +0100] ::1 - - "GET /javascript/angularjs/directives/make-droppable.js HTTP/1.1" -
[17/May/2015:21:09:50 +0100] ::1 - - "GET /javascript/index.js HTTP/1.1" -
[17/May/2015:21:09:50 +0100] ::1 - - "GET /javascript/angularjs/factories/entityinstanceservice.js HTTP/1.1" -
[17/May/2015:21:09:50 +0100] ::1 - - "GET /javascript/angularjs/directives/focus.js HTTP/1.1" -
[17/May/2015:21:09:50 +0100] ::1 - - "GET /%7B%7Bentity.src%7D%7D HTTP/1.1" 212
[17/May/2015:21:09:50 +0100] ::1 - - "GET /javascript/angularjs/directives/entity-instance-draggable.js HTTP/1.1" -
[17/May/2015:21:09:50 +0100] ::1 - - "GET /javascript/angularjs/directives/entity-instance.js HTTP/1.1" -
[17/May/2015:21:09:50 +0100] ::1 - - "GET /%7B%7Bentity.src%7D%7D HTTP/1.1" 212
[17/May/2015:21:12:03 +0100] ::1 - - "GET / HTTP/1.1" -
[17/May/2015:21:12:03 +0100] ::1 - - "GET /stylesheets/iscope.css HTTP/1.1" -
[17/May/2015:21:12:03 +0100] ::1 - - "GET /javascript/angularjs/lib/angular.js HTTP/1.1" -
[17/May/2015:21:12:03 +0100] ::1 - - "GET /javascript/angularjs/controllers/entityController.js HTTP/1.1" -
[17/May/2015:21:12:03 +0100] ::1 - - "GET /javascript/angularjs/directives/entity-instance.js HTTP/1.1" -
[17/May/2015:21:12:03 +0100] ::1 - - "GET /javascript/angularjs/directives/entity-draggable.js HTTP/1.1" -
[17/May/2015:21:12:03 +0100] ::1 - - "GET /javascript/angularjs/directives/entity-inputs.js HTTP/1.1" -
[17/May/2015:21:12:03 +0100] ::1 - - "GET /javascript/angularjs/directives/make-droppable.js HTTP/1.1" -
[17/May/2015:21:12:03 +0100] ::1 - - "GET /javascript/index.js HTTP/1.1" -
[17/May/2015:21:12:03 +0100] ::1 - - "GET /%7B%7Bentity.src%7D%7D HTTP/1.1" 212
[17/May/2015:21:12:03 +0100] ::1 - - "GET /javascript/angularjs/factories/entityservice.js HTTP/1.1" 1303
[17/May/2015:21:12:03 +0100] ::1 - - "GET /javascript/angularjs/factories/entityinstanceservice.js HTTP/1.1" -
[17/May/2015:21:12:03 +0100] ::1 - - "GET /javascript/angularjs/directives/focus.js HTTP/1.1" -
[17/May/2015:21:12:03 +0100] ::1 - - "GET /javascript/angularjs/directives/entity-instance-draggable.js HTTP/1.1" -
[17/May/2015:21:12:04 +0100] ::1 - - "GET /%7B%7Bentity.src%7D%7D HTTP/1.1" 212
[17/May/2015:21:13:01 +0100] ::1 - - "GET / HTTP/1.1" -
[17/May/2015:21:13:01 +0100] ::1 - - "GET /stylesheets/iscope.css HTTP/1.1" -
[17/May/2015:21:13:01 +0100] ::1 - - "GET /javascript/angularjs/controllers/entityController.js HTTP/1.1" -
[17/May/2015:21:13:01 +0100] ::1 - - "GET /javascript/angularjs/lib/angular.js HTTP/1.1" -
[17/May/2015:21:13:01 +0100] ::1 - - "GET /javascript/angularjs/factories/entityservice.js HTTP/1.1" 1259
[17/May/2015:21:13:01 +0100] ::1 - - "GET /javascript/angularjs/factories/entityinstanceservice.js HTTP/1.1" -
[17/May/2015:21:13:01 +0100] ::1 - - "GET /javascript/angularjs/directives/focus.js HTTP/1.1" -
[17/May/2015:21:13:01 +0100] ::1 - - "GET /javascript/angularjs/directives/entity-instance.js HTTP/1.1" -
[17/May/2015:21:13:01 +0100] ::1 - - "GET /javascript/angularjs/directives/entity-draggable.js HTTP/1.1" -
[17/May/2015:21:13:01 +0100] ::1 - - "GET /javascript/angularjs/directives/entity-inputs.js HTTP/1.1" -
[17/May/2015:21:13:01 +0100] ::1 - - "GET /javascript/angularjs/directives/make-droppable.js HTTP/1.1" -
[17/May/2015:21:13:01 +0100] ::1 - - "GET /javascript/angularjs/directives/entity-instance-draggable.js HTTP/1.1" -
[17/May/2015:21:13:01 +0100] ::1 - - "GET /javascript/index.js HTTP/1.1" -
[17/May/2015:21:13:01 +0100] ::1 - - "GET /%7B%7Bentity.src%7D%7D HTTP/1.1" 212
[17/May/2015:21:28:34 +0100] 127.0.0.1 - - "GET / HTTP/1.1" -
[17/May/2015:21:28:34 +0100] 127.0.0.1 - - "GET /javascript/angularjs/factories/entityservice.js HTTP/1.1" -
[17/May/2015:21:28:34 +0100] 127.0.0.1 - - "GET /%7B%7Bentity.src%7D%7D HTTP/1.1" 212
[17/May/2015:21:28:35 +0100] 127.0.0.1 - - "GET /%7B%7Bentity.src%7D%7D HTTP/1.1" 212
[17/May/2015:21:32:14 +0100] ::1 - - "GET / HTTP/1.1" -
[17/May/2015:21:32:14 +0100] ::1 - - "GET /stylesheets/iscope.css HTTP/1.1" -
[17/May/2015:21:32:14 +0100] ::1 - - "GET /javascript/angularjs/factories/entityservice.js HTTP/1.1" 1277
[17/May/2015:21:32:14 +0100] ::1 - - "GET /javascript/angularjs/directives/entity-instance.js HTTP/1.1" -
[17/May/2015:21:32:14 +0100] ::1 - - "GET /javascript/angularjs/lib/angular.js HTTP/1.1" -
[17/May/2015:21:32:14 +0100] ::1 - - "GET /javascript/angularjs/directives/entity-draggable.js HTTP/1.1" -
[17/May/2015:21:32:14 +0100] ::1 - - "GET /javascript/angularjs/directives/make-droppable.js HTTP/1.1" -
[17/May/2015:21:32:14 +0100] ::1 - - "GET /javascript/angularjs/directives/entity-inputs.js HTTP/1.1" -
[17/May/2015:21:32:14 +0100] ::1 - - "GET /javascript/index.js HTTP/1.1" -
[17/May/2015:21:32:14 +0100] ::1 - - "GET /%7B%7Bentity.src%7D%7D HTTP/1.1" 212
[17/May/2015:21:32:14 +0100] ::1 - - "GET /javascript/angularjs/controllers/entityController.js HTTP/1.1" -
[17/May/2015:21:32:14 +0100] ::1 - - "GET /javascript/angularjs/directives/focus.js HTTP/1.1" -
[17/May/2015:21:32:14 +0100] ::1 - - "GET /javascript/angularjs/factories/entityinstanceservice.js HTTP/1.1" -
[17/May/2015:21:32:14 +0100] ::1 - - "GET /javascript/angularjs/directives/entity-instance-draggable.js HTTP/1.1" -
[17/May/2015:21:32:14 +0100] ::1 - - "GET /%7B%7Bentity.src%7D%7D HTTP/1.1" 212
[17/May/2015:21:32:46 +0100] ::1 - - "GET / HTTP/1.1" -
[17/May/2015:21:32:46 +0100] ::1 - - "GET /stylesheets/iscope.css HTTP/1.1" -
[17/May/2015:21:32:46 +0100] ::1 - - "GET /javascript/angularjs/factories/entityservice.js HTTP/1.1" 789
[17/May/2015:21:32:46 +0100] ::1 - - "GET /javascript/angularjs/directives/entity-instance.js HTTP/1.1" -
[17/May/2015:21:32:46 +0100] ::1 - - "GET /javascript/angularjs/directives/entity-draggable.js HTTP/1.1" -
[17/May/2015:21:32:46 +0100] ::1 - - "GET /javascript/angularjs/directives/entity-inputs.js HTTP/1.1" -
[17/May/2015:21:32:46 +0100] ::1 - - "GET /javascript/angularjs/controllers/entityController.js HTTP/1.1" -
[17/May/2015:21:32:46 +0100] ::1 - - "GET /javascript/index.js HTTP/1.1" -
[17/May/2015:21:32:46 +0100] ::1 - - "GET /javascript/angularjs/directives/make-droppable.js HTTP/1.1" -
[17/May/2015:21:32:46 +0100] ::1 - - "GET /javascript/angularjs/factories/entityinstanceservice.js HTTP/1.1" -
[17/May/2015:21:32:46 +0100] ::1 - - "GET /javascript/angularjs/lib/angular.js HTTP/1.1" -
[17/May/2015:21:32:46 +0100] ::1 - - "GET /javascript/angularjs/directives/entity-instance-draggable.js HTTP/1.1" -
[17/May/2015:21:32:46 +0100] ::1 - - "GET /javascript/angularjs/directives/focus.js HTTP/1.1" -
[17/May/2015:21:32:46 +0100] ::1 - - "GET /%7B%7Bentity.src%7D%7D HTTP/1.1" 212
[17/May/2015:21:36:35 +0100] ::1 - - "GET / HTTP/1.1" -
[17/May/2015:21:36:35 +0100] ::1 - - "GET /stylesheets/iscope.css HTTP/1.1" -
[17/May/2015:21:36:35 +0100] ::1 - - "GET /javascript/angularjs/factories/entityservice.js HTTP/1.1" -
[17/May/2015:21:36:35 +0100] ::1 - - "GET /javascript/angularjs/directives/entity-instance.js HTTP/1.1" -
[17/May/2015:21:36:35 +0100] ::1 - - "GET /javascript/angularjs/directives/entity-draggable.js HTTP/1.1" -
[17/May/2015:21:36:35 +0100] ::1 - - "GET /javascript/angularjs/directives/entity-inputs.js HTTP/1.1" -
[17/May/2015:21:36:35 +0100] ::1 - - "GET /javascript/angularjs/directives/make-droppable.js HTTP/1.1" -
[17/May/2015:21:36:35 +0100] ::1 - - "GET /javascript/index.js HTTP/1.1" -
[17/May/2015:21:36:35 +0100] ::1 - - "GET /%7B%7Bentity.src%7D%7D HTTP/1.1" 212
[17/May/2015:21:36:35 +0100] ::1 - - "GET /javascript/angularjs/lib/angular.js HTTP/1.1" -
[17/May/2015:21:36:35 +0100] ::1 - - "GET /javascript/angularjs/factories/entityinstanceservice.js HTTP/1.1" -
[17/May/2015:21:36:35 +0100] ::1 - - "GET /javascript/angularjs/controllers/entityController.js HTTP/1.1" -
[17/May/2015:21:36:35 +0100] ::1 - - "GET /javascript/angularjs/directives/focus.js HTTP/1.1" -
[17/May/2015:21:36:35 +0100] ::1 - - "GET /javascript/angularjs/directives/entity-instance-draggable.js HTTP/1.1" -
[17/May/2015:21:36:35 +0100] ::1 - - "GET /%7B%7Bentity.src%7D%7D HTTP/1.1" 212
[17/May/2015:21:47:17 +0100] ::1 - - "GET / HTTP/1.1" -
[17/May/2015:21:47:17 +0100] ::1 - - "GET /stylesheets/iscope.css HTTP/1.1" -
[17/May/2015:21:47:17 +0100] ::1 - - "GET /javascript/angularjs/factories/entityservice.js HTTP/1.1" -
[17/May/2015:21:47:17 +0100] ::1 - - "GET /javascript/angularjs/factories/entityinstanceservice.js HTTP/1.1" -
[17/May/2015:21:47:17 +0100] ::1 - - "GET /javascript/angularjs/directives/entity-instance.js HTTP/1.1" -
[17/May/2015:21:47:17 +0100] ::1 - - "GET /javascript/angularjs/directives/entity-draggable.js HTTP/1.1" -
[17/May/2015:21:47:17 +0100] ::1 - - "GET /javascript/angularjs/directives/entity-inputs.js HTTP/1.1" -
[17/May/2015:21:47:17 +0100] ::1 - - "GET /javascript/angularjs/directives/make-droppable.js HTTP/1.1" -
[17/May/2015:21:47:17 +0100] ::1 - - "GET /javascript/index.js HTTP/1.1" -
[17/May/2015:21:47:17 +0100] ::1 - - "GET /javascript/angularjs/controllers/entityController.js HTTP/1.1" -
[17/May/2015:21:47:17 +0100] ::1 - - "GET /%7B%7Bentity.src%7D%7D HTTP/1.1" 212
[17/May/2015:21:47:17 +0100] ::1 - - "GET /javascript/angularjs/directives/focus.js HTTP/1.1" -
[17/May/2015:21:47:17 +0100] ::1 - - "GET /javascript/angularjs/directives/entity-instance-draggable.js HTTP/1.1" -
[17/May/2015:21:47:17 +0100] ::1 - - "GET /javascript/angularjs/lib/angular.js HTTP/1.1" -
[17/May/2015:21:47:17 +0100] ::1 - - "GET /%7B%7Bentity.src%7D%7D HTTP/1.1" 212
[17/May/2015:21:48:39 +0100] ::1 - - "GET / HTTP/1.1" -
[17/May/2015:21:48:39 +0100] ::1 - - "GET /stylesheets/iscope.css HTTP/1.1" -
[17/May/2015:21:48:39 +0100] ::1 - - "GET /javascript/angularjs/directives/entity-instance-draggable.js HTTP/1.1" -
[17/May/2015:21:48:39 +0100] ::1 - - "GET /javascript/angularjs/directives/entity-instance.js HTTP/1.1" -
[17/May/2015:21:48:39 +0100] ::1 - - "GET /javascript/angularjs/directives/entity-draggable.js HTTP/1.1" -
[17/May/2015:21:48:39 +0100] ::1 - - "GET /javascript/angularjs/lib/angular.js HTTP/1.1" -
[17/May/2015:21:48:39 +0100] ::1 - - "GET /javascript/angularjs/directives/entity-inputs.js HTTP/1.1" -
[17/May/2015:21:48:39 +0100] ::1 - - "GET /javascript/angularjs/directives/make-droppable.js HTTP/1.1" -
[17/May/2015:21:48:39 +0100] ::1 - - "GET /javascript/index.js HTTP/1.1" -
[17/May/2015:21:48:39 +0100] ::1 - - "GET /%7B%7Bentity.src%7D%7D HTTP/1.1" 212
[17/May/2015:21:48:39 +0100] ::1 - - "GET /javascript/angularjs/controllers/entityController.js HTTP/1.1" -
[17/May/2015:21:48:39 +0100] ::1 - - "GET /javascript/angularjs/factories/entityinstanceservice.js HTTP/1.1" -
[17/May/2015:21:48:39 +0100] ::1 - - "GET /javascript/angularjs/directives/focus.js HTTP/1.1" -
[17/May/2015:21:48:39 +0100] ::1 - - "GET /javascript/angularjs/factories/entityservice.js HTTP/1.1" -
[17/May/2015:21:48:39 +0100] ::1 - - "GET /%7B%7Bentity.src%7D%7D HTTP/1.1" 212
[17/May/2015:21:48:55 +0100] ::1 - - "GET /%7B%7Bentity.src%7D%7D HTTP/1.1" 212
[18/May/2015:03:51:43 +0100] ::1 - - "GET / HTTP/1.1" -
[18/May/2015:03:51:43 +0100] ::1 - - "GET /stylesheets/iscope.css HTTP/1.1" -
[18/May/2015:03:51:43 +0100] ::1 - - "GET /javascript/angularjs/directives/entity-instance-draggable.js HTTP/1.1" -
[18/May/2015:03:51:43 +0100] ::1 - - "GET /javascript/angularjs/directives/entity-instance.js HTTP/1.1" -
[18/May/2015:03:51:43 +0100] ::1 - - "GET /javascript/angularjs/directives/entity-draggable.js HTTP/1.1" -
[18/May/2015:03:51:43 +0100] ::1 - - "GET /javascript/angularjs/lib/angular.js HTTP/1.1" -
[18/May/2015:03:51:43 +0100] ::1 - - "GET /javascript/angularjs/controllers/entityController.js HTTP/1.1" -
[18/May/2015:03:51:43 +0100] ::1 - - "GET /javascript/angularjs/factories/entityinstanceservice.js HTTP/1.1" -
[18/May/2015:03:51:43 +0100] ::1 - - "GET /javascript/angularjs/directives/entity-inputs.js HTTP/1.1" -
[18/May/2015:03:51:43 +0100] ::1 - - "GET /javascript/angularjs/directives/make-droppable.js HTTP/1.1" -
[18/May/2015:03:51:43 +0100] ::1 - - "GET /javascript/index.js HTTP/1.1" -
[18/May/2015:03:51:43 +0100] ::1 - - "GET /%7B%7Bentity.src%7D%7D HTTP/1.1" 212
[18/May/2015:03:51:43 +0100] ::1 - - "GET /javascript/angularjs/factories/entityservice.js HTTP/1.1" -
[18/May/2015:03:51:43 +0100] ::1 - - "GET /javascript/angularjs/directives/focus.js HTTP/1.1" -
[18/May/2015:03:51:43 +0100] ::1 - - "GET /%7B%7Bentity.src%7D%7D HTTP/1.1" 212
[18/May/2015:03:51:43 +0100] ::1 - - "GET /%7B%7Bentity.src%7D%7D HTTP/1.1" 212
